TN:
SF:src\components\AsxAnnouncements.jsx
FN:14,(anonymous_0)
FN:25,AsxAnnouncements
FN:31,(anonymous_2)
FN:40,(anonymous_3)
FN:41,(anonymous_4)
FN:42,(anonymous_5)
FN:43,(anonymous_6)
FN:44,(anonymous_7)
FN:62,(anonymous_8)
FN:62,(anonymous_9)
FN:102,(anonymous_10)
FNF:11
FNH:11
FNDA:5,(anonymous_0)
FNDA:21,AsxAnnouncements
FNDA:11,(anonymous_2)
FNDA:8,(anonymous_3)
FNDA:8,(anonymous_4)
FNDA:1,(anonymous_5)
FNDA:9,(anonymous_6)
FNDA:10,(anonymous_7)
FNDA:1,(anonymous_8)
FNDA:1,(anonymous_9)
FNDA:6,(anonymous_10)
DA:14,5
DA:26,21
DA:27,21
DA:28,21
DA:29,21
DA:31,21
DA:32,11
DA:33,10
DA:34,10
DA:39,11
DA:40,8
DA:41,8
DA:42,1
DA:43,9
DA:44,11
DA:48,21
DA:49,11
DA:51,5
DA:53,5
DA:62,1
DA:103,6
DA:164,1
LF:22
LH:22
BRDA:14,0,0,5
BRDA:25,1,0,21
BRDA:25,2,0,21
BRDA:32,3,0,1
BRDA:32,3,1,10
BRDA:36,4,0,10
BRDA:36,4,1,1
BRDA:37,5,0,11
BRDA:37,5,1,1
BRDA:40,6,0,7
BRDA:40,6,1,1
BRDA:41,7,0,8
BRDA:41,7,1,0
BRDA:42,8,0,1
BRDA:42,8,1,0
BRDA:43,9,0,9
BRDA:43,9,1,0
BRDA:48,10,0,10
BRDA:48,10,1,11
BRDA:49,11,0,6
BRDA:49,11,1,5
BRDA:49,12,0,11
BRDA:49,12,1,8
BRDA:49,12,2,6
BRDA:51,13,0,5
BRDA:51,14,0,5
BRDA:65,15,0,4
BRDA:65,15,1,1
BRDA:90,16,0,4
BRDA:90,16,1,1
BRDA:91,17,0,21
BRDA:91,17,1,2
BRDA:96,18,0,4
BRDA:96,18,1,1
BRDA:107,19,0,1
BRDA:107,19,1,5
BRDA:115,20,0,6
BRDA:115,20,1,2
BRDA:130,21,0,6
BRDA:130,21,1,6
BRDA:135,22,0,6
BRDA:135,22,1,5
BRDA:137,23,0,3
BRDA:137,23,1,2
BRDA:104,24,0,6
BRDA:104,24,1,4
BRF:46
BRH:43
end_of_record
TN:
SF:src\components\EmptyState.jsx
FN:4,EmptyState
FNF:1
FNH:1
FNDA:2,EmptyState
DA:5,2
LF:1
LH:1
BRDA:17,0,0,2
BRDA:17,0,1,2
BRDA:22,1,0,2
BRDA:22,1,1,1
BRF:4
BRH:4
end_of_record
TN:
SF:src\components\ScoreGauge.jsx
FN:5,(anonymous_0)
FN:11,(anonymous_1)
FN:17,ScoreGauge
FN:20,(anonymous_3)
FN:22,(anonymous_4)
FN:23,(anonymous_5)
FNF:6
FNH:6
FNDA:12,(anonymous_0)
FNDA:11,(anonymous_1)
FNDA:12,ScoreGauge
FNDA:8,(anonymous_3)
FNDA:4,(anonymous_4)
FNDA:8,(anonymous_5)
DA:5,1
DA:6,12
DA:7,5
DA:8,2
DA:11,1
DA:12,11
DA:13,5
DA:14,2
DA:18,12
DA:20,12
DA:21,8
DA:22,8
DA:23,8
DA:26,12
DA:27,12
DA:28,12
DA:29,12
DA:30,12
DA:31,12
DA:32,12
DA:33,12
DA:35,12
LF:22
LH:22
BRDA:6,0,0,7
BRDA:6,0,1,5
BRDA:7,1,0,3
BRDA:7,1,1,2
BRDA:12,2,0,6
BRDA:12,2,1,5
BRDA:13,3,0,3
BRDA:13,3,1,2
BRDA:17,4,0,12
BRDA:17,5,0,12
BRDA:17,6,0,12
BRDA:21,7,0,0
BRDA:21,7,1,8
BRDA:86,8,0,12
BRDA:86,8,1,11
BRF:15
BRH:14
end_of_record
TN:
SF:src\components\SentimentBadge.jsx
FN:3,SentimentBadge
FNF:1
FNH:1
FNDA:7,SentimentBadge
DA:6,7
DA:12,7
DA:18,7
LF:3
LH:3
BRDA:3,0,0,7
BRDA:6,1,0,4
BRDA:6,1,1,3
BRDA:8,2,0,2
BRDA:8,2,1,1
BRF:5
BRH:5
end_of_record
TN:
SF:src\components\StatsCard.jsx
FN:12,useCountUp
FN:16,(anonymous_1)
FN:21,(anonymous_2)
FN:36,StatsCard
FNF:4
FNH:4
FNDA:5,useCountUp
FNDA:5,(anonymous_1)
FNDA:4,(anonymous_2)
FNDA:5,StatsCard
DA:7,1
DA:13,5
DA:14,5
DA:16,5
DA:17,5
DA:18,4
DA:19,5
DA:20,5
DA:21,5
DA:22,4
DA:23,4
DA:24,4
DA:25,4
DA:26,4
DA:27,4
DA:29,5
DA:33,5
DA:37,5
DA:39,5
LF:19
LH:19
BRDA:12,0,0,5
BRDA:13,1,0,4
BRDA:13,1,1,1
BRDA:17,2,0,1
BRDA:17,2,1,4
BRDA:18,3,0,4
BRDA:18,3,1,0
BRDA:22,4,0,4
BRDA:22,4,1,0
BRDA:26,5,0,4
BRDA:26,5,1,0
BRDA:27,6,0,4
BRDA:27,6,1,0
BRDA:33,7,0,1
BRDA:33,7,1,4
BRDA:47,8,0,0
BRDA:47,8,1,5
BRDA:60,9,0,5
BRDA:60,9,1,2
BRDA:63,10,0,1
BRDA:63,10,1,1
BRDA:65,11,0,1
BRDA:65,11,1,1
BRDA:69,12,0,1
BRDA:69,12,1,1
BRDA:74,13,0,5
BRDA:74,13,1,3
BRF:27
BRH:22
end_of_record
